C51 COMPILER V9.60.7.0   89C51                                                             03/03/2023 23:31:30 PAGE 1   


C51 COMPILER V9.60.7.0, COMPILATION OF MODULE 89C51
OBJECT MODULE PLACED IN .\Objects\89C51.obj
COMPILER INVOKED BY: C:\Keil_v5\C51\BIN\C51.EXE 89C51.c OPTIMIZE(8,SPEED) BROWSE DEBUG OBJECTEXTEND PRINT(.\Listings\89C
                    -51.lst) TABS(2) OBJECT(.\Objects\89C51.obj)

line level    source

   1          #include<reg51.h>
   2          void main(void){
   3   1        P1=0x00;
   4   1      }


MODULE INFORMATION:   STATIC OVERLAYABLE
   CODE SIZE        =      4    ----
   CONSTANT SIZE    =   ----    ----
   XDATA SIZE       =   ----    ----
   PDATA SIZE       =   ----    ----
   DATA SIZE        =   ----    ----
   IDATA SIZE       =   ----    ----
   BIT SIZE         =   ----    ----
END OF MODULE INFORMATION.


C51 COMPILATION COMPLETE.  0 WARNING(S),  0 ERROR(S)
